2022-03-17 19:28:02,509 bootstrap:89  [INFO]: Detected options:
2022-03-17 19:28:02,510 bootstrap:90  [INFO]:   loglevel:  INFO
2022-03-17 19:28:02,510 bootstrap:91  [INFO]:   inputfile: ./examples/SyntaxTest.hug
2022-03-17 19:28:02,510 bootstrap:92  [INFO]:   highlight: True
2022-03-17 19:28:02,510 bootstrap:93  [INFO]:   yestoall:  True
2022-03-17 19:28:02,510 compiler:18  [INFO]: Input file received: ./examples/SyntaxTest.hug
2022-03-17 19:28:02,510 compiler:19  [INFO]: Entering phase 1 - Lexical Analysis
2022-03-17 19:28:02,510 utils:10  [INFO]: File requested: ./examples/SyntaxTest.hug
2022-03-17 19:28:02,514 lexer:417 [INFO]: Filtering LWhitespace, LComment and LUnknown...
2022-03-17 19:28:02,515 lexer:437 [INFO]: Removed 261 whitespace(s), 7 comment(s) and 0 unknown(s)
2022-03-17 19:28:02,515 compiler:40  [INFO]: Entering phase 2 - Syntax Analysis
2022-03-17 19:28:02,517 syntax:45  [INFO]: Resulting instructions:
2022-03-17 19:28:02,517 syntax:47  [INFO]: VariableDefinition: __HUG__main::variable = Constant(4.4)
2022-03-17 19:28:02,517 syntax:47  [INFO]: VariableDefinition: __HUG__main::int8Test = Constant(10)
2022-03-17 19:28:02,517 syntax:47  [INFO]: VariableDefinition: __HUG__main::int16Test = Constant(10)
2022-03-17 19:28:02,517 syntax:47  [INFO]: VariableDefinition: __HUG__main::int32Test = Constant(10)
2022-03-17 19:28:02,517 syntax:47  [INFO]: VariableDefinition: __HUG__main::int64Test = Constant(10)
2022-03-17 19:28:02,517 syntax:47  [INFO]: VariableDefinition: __HUG__main::int128Test = Constant(10)
2022-03-17 19:28:02,517 syntax:47  [INFO]: VariableDefinition: __HUG__main::intArchTest = Constant(10)
2022-03-17 19:28:02,517 syntax:47  [INFO]: VariableDefinition: __HUG__main::uint8Test = Constant(10)
2022-03-17 19:28:02,517 syntax:47  [INFO]: VariableDefinition: __HUG__main::uint16Test = Constant(10)
2022-03-17 19:28:02,517 syntax:47  [INFO]: VariableDefinition: __HUG__main::uint32Test = Constant(10)
2022-03-17 19:28:02,517 syntax:47  [INFO]: VariableDefinition: __HUG__main::uint64Test = Constant(10)
2022-03-17 19:28:02,517 syntax:47  [INFO]: VariableDefinition: __HUG__main::uint128Test = Constant(10)
2022-03-17 19:28:02,517 syntax:47  [INFO]: VariableDefinition: __HUG__main::uintArchTest = Constant(10)
2022-03-17 19:28:02,517 syntax:47  [INFO]: VariableDefinition: __HUG__main::float32Test = Constant(809354.24379)
2022-03-17 19:28:02,517 syntax:47  [INFO]: VariableDefinition: __HUG__main::float64Test = Constant(9430798570.25908)
2022-03-17 19:28:02,517 syntax:47  [INFO]: VariableDefinition: __HUG__main::charTest = Constant(W)
2022-03-17 19:28:02,517 syntax:47  [INFO]: VariableDefinition: __HUG__main::stringTest = Constant(wowie)
2022-03-17 19:28:02,517 syntax:47  [INFO]: VariableDefinition: __HUG__main::result = Operation(Constant(5) LOperator('text': '+', 'operator': '0') Constant(9)) as Int32
2022-03-17 19:28:02,517 syntax:47  [INFO]: VariableAssignment: __HUG__main::result = Operation(Constant(25) LOperator('text': '-', 'operator': '1') Constant(13)) as Int32
2022-03-17 19:28:02,517 syntax:47  [INFO]: VariableAssignment: __HUG__main::result = Operation(Constant(3) LOperator('text': '*', 'operator': '2') Constant(5)) as Int32
2022-03-17 19:28:02,517 syntax:47  [INFO]: VariableAssignment: __HUG__main::result = Operation(Constant(9) LOperator('text': '/', 'operator': '3') Constant(3)) as Int32
2022-03-17 19:28:02,517 syntax:47  [INFO]: VariableAssignment: __HUG__main::result = Constant(10)
2022-03-17 19:28:02,517 syntax:47  [INFO]: VariableAssignment: __HUG__main::result = Operation(Variable(__HUG__main::result) LOperator('text': '+=', 'operator': '5') Constant(50)) as Int32
2022-03-17 19:28:02,517 syntax:47  [INFO]: VariableAssignment: __HUG__main::result = Operation(Variable(__HUG__main::result) LOperator('text': '-=', 'operator': '6') Constant(60)) as Int32
2022-03-17 19:28:02,517 syntax:47  [INFO]: VariableAssignment: __HUG__main::result = Operation(Variable(__HUG__main::result) LOperator('text': '*=', 'operator': '7') Constant(70)) as Int32
2022-03-17 19:28:02,517 syntax:47  [INFO]: VariableAssignment: __HUG__main::result = Operation(Variable(__HUG__main::result) LOperator('text': '/=', 'operator': '8') Constant(8)) as Int32
2022-03-17 19:28:02,518 syntax:47  [INFO]: VariableAssignment: __HUG__main::result = Operation(Constant(1) LOperator('text': '<<', 'operator': '18') Constant(16)) as Int32
2022-03-17 19:28:02,518 syntax:47  [INFO]: VariableAssignment: __HUG__main::result = Operation(Constant(1) LOperator('text': '>>', 'operator': '19') Constant(16)) as Int32
2022-03-17 19:28:02,518 syntax:47  [INFO]: VariableAssignment: __HUG__main::result = Operation(Constant(1) LOperator('text': '<<<', 'operator': '20') Constant(16)) as Int32
2022-03-17 19:28:02,518 syntax:47  [INFO]: VariableAssignment: __HUG__main::result = Operation(Constant(1) LOperator('text': '>>>', 'operator': '21') Constant(16)) as Int32
2022-03-17 19:28:02,518 syntax:47  [INFO]: VariableAssignment: __HUG__main::result = Operation(Variable(__HUG__main::result) LOperator('text': '<<=', 'operator': '22') Constant(16)) as Int32
2022-03-17 19:28:02,518 syntax:47  [INFO]: VariableAssignment: __HUG__main::result = Operation(Variable(__HUG__main::result) LOperator('text': '>>=', 'operator': '23') Constant(16)) as Int32
2022-03-17 19:28:02,518 syntax:47  [INFO]: VariableAssignment: __HUG__main::result = Operation(Variable(__HUG__main::result) LOperator('text': '<<<=', 'operator': '24') Constant(16)) as Int32
2022-03-17 19:28:02,518 syntax:47  [INFO]: VariableAssignment: __HUG__main::result = Operation(Variable(__HUG__main::result) LOperator('text': '>>>=', 'operator': '25') Constant(16)) as Int32
2022-03-17 19:28:02,518 syntax:47  [INFO]: VariableAssignment: __HUG__main::result = Operation(Constant(7) LOperator('text': '&', 'operator': '26') Constant(5)) as Int32
2022-03-17 19:28:02,518 syntax:47  [INFO]: VariableAssignment: __HUG__main::result = Operation(Variable(__HUG__main::result) LOperator('text': '&=', 'operator': '27') Constant(3)) as Int32
2022-03-17 19:28:02,518 syntax:47  [INFO]: VariableAssignment: __HUG__main::result = Operation(Constant(5) LOperator('text': '|', 'operator': '29') Constant(8)) as Int32
2022-03-17 19:28:02,518 syntax:47  [INFO]: VariableAssignment: __HUG__main::result = Operation(Variable(__HUG__main::result) LOperator('text': '|=', 'operator': '29') Constant(3)) as Int32
2022-03-17 19:28:02,518 syntax:47  [INFO]: VariableAssignment: __HUG__main::result = Operation(Constant(3) LOperator('text': '^', 'operator': '30') Constant(5)) as Int32
2022-03-17 19:28:02,518 syntax:47  [INFO]: VariableAssignment: __HUG__main::result = Operation(Variable(__HUG__main::result) LOperator('text': '^=', 'operator': '31') Constant(9)) as Int32
2022-03-17 19:28:02,518 syntax:47  [INFO]: VariableAssignment: __HUG__main::result = Operation(Variable(__HUG__main::result) 32 Constant(1)) as Int32
2022-03-17 19:28:02,518 syntax:47  [INFO]: VariableAssignment: __HUG__main::result = Operation(Constant(86) LOperator('text': '%', 'operator': '33') Constant(50)) as Int32
2022-03-17 19:28:02,518 syntax:47  [INFO]: VariableAssignment: __HUG__main::result = Operation(Variable(__HUG__main::result) LOperator('text': '%=', 'operator': '34') Constant(2)) as Int32
2022-03-17 19:28:02,518 syntax:47  [INFO]: VariableAssignment: __HUG__main::result = Operation(Variable(__HUG__main::result) LOperator('text': '++', 'operator': '0') Constant(1)) as Int32
2022-03-17 19:28:02,518 syntax:47  [INFO]: VariableAssignment: __HUG__main::result = Operation(Variable(__HUG__main::result) LOperator('text': '--', 'operator': '1') Constant(1)) as Int32
2022-03-17 19:28:02,518 syntax:47  [INFO]: VariableDefinition: __HUG__main::isFifteen = Operation(Variable(__HUG__main::result) LOperator('text': '==', 'operator': '9') Constant(15)) as Bool
2022-03-17 19:28:02,518 syntax:47  [INFO]: VariableDefinition: __HUG__main::isNotFifteen = Operation(Variable(__HUG__main::result) LOperator('text': '!=', 'operator': '15') Constant(15)) as Bool
2022-03-17 19:28:02,518 syntax:47  [INFO]: VariableDefinition: __HUG__main::alwaysTrue = Operation(Variable(__HUG__main::isFifteen) LOperator('text': '||', 'operator': '17') Variable(__HUG__main::isNotFifteen)) as Bool
2022-03-17 19:28:02,518 syntax:47  [INFO]: VariableDefinition: __HUG__main::alwaysFalse = Operation(Variable(__HUG__main::alwaysTrue) LOperator('text': '&&', 'operator': '16') Operation(Variable(__HUG__main::alwaysTrue) 14 Constant(1)) as Bool) as Bool
2022-03-17 19:28:02,518 syntax:47  [INFO]: VariableDefinition: __HUG__main::aboveOrEqualToOneresult = Operation(Variable(__HUG__main::result) LOperator('text': '>=', 'operator': '13') Constant(1)) as Bool
2022-03-17 19:28:02,518 syntax:47  [INFO]: VariableDefinition: __HUG__main::underOrEqualToEight = Operation(Variable(__HUG__main::result) LOperator('text': '<=', 'operator': '12') Constant(8)) as Bool
2022-03-17 19:28:02,519 syntax:47  [INFO]: VariableDefinition: __HUG__main::aboveZero = Operation(Variable(__HUG__main::result) LOperator('text': '>', 'operator': '11') Constant(0)) as Bool
2022-03-17 19:28:02,519 syntax:47  [INFO]: VariableDefinition: __HUG__main::underNine = Operation(Variable(__HUG__main::result) LOperator('text': '<', 'operator': '10') Constant(9)) as Bool
2022-03-17 19:28:02,519 syntax:47  [INFO]: VariableDefinition: __HUG__main::myVar = Constant(10)
2022-03-17 19:28:02,519 syntax:47  [INFO]: VariableAssignment: __HUG__main::result = Operation(Variable(__HUG__main::result) LOperator('text': '+=', 'operator': '5') Operation(Variable(__HUG__main::result) LOperator('text': '%', 'operator': '33') Operation(Constant(50) LOperator('text': '+', 'operator': '0') Constant(10)) as Int32) as Int32) as Int32
2022-03-17 19:28:02,519 syntax:47  [INFO]: VariableDefinition: __HUG__main::another = Operation(Constant(90.0) LOperator('text': '/', 'operator': '3') Operation(Constant(50.0) LOperator('text': '*', 'operator': '2') Constant(3.0)) as Float32) as Float32
2022-03-17 19:28:02,519 compiler:43  [INFO]: SymbolTable:
2022-03-17 19:28:02,519 compiler:45  [INFO]: +----+-------------------------+----------+-------------+
2022-03-17 19:28:02,519 compiler:45  [INFO]: | id | name                    | type     | scope       |
2022-03-17 19:28:02,519 compiler:45  [INFO]: +====+=========================+==========+=============+
2022-03-17 19:28:02,519 compiler:45  [INFO]: | 0  | __HUG__main             | scope    | None        |
2022-03-17 19:28:02,519 compiler:45  [INFO]: | 1  | variable                | Float32  | __HUG__main |
2022-03-17 19:28:02,519 compiler:45  [INFO]: | 2  | int8Test                | Int8     | __HUG__main |
2022-03-17 19:28:02,519 compiler:45  [INFO]: | 3  | int16Test               | Int16    | __HUG__main |
2022-03-17 19:28:02,519 compiler:45  [INFO]: | 4  | int32Test               | Int32    | __HUG__main |
2022-03-17 19:28:02,519 compiler:45  [INFO]: | 5  | int64Test               | Int64    | __HUG__main |
2022-03-17 19:28:02,519 compiler:45  [INFO]: | 6  | int128Test              | Int128   | __HUG__main |
2022-03-17 19:28:02,519 compiler:45  [INFO]: | 7  | intArchTest             | IntArch  | __HUG__main |
2022-03-17 19:28:02,519 compiler:45  [INFO]: | 8  | uint8Test               | UInt8    | __HUG__main |
2022-03-17 19:28:02,519 compiler:45  [INFO]: | 9  | uint16Test              | UInt16   | __HUG__main |
2022-03-17 19:28:02,519 compiler:45  [INFO]: | 10 | uint32Test              | UInt32   | __HUG__main |
2022-03-17 19:28:02,519 compiler:45  [INFO]: | 11 | uint64Test              | UInt64   | __HUG__main |
2022-03-17 19:28:02,519 compiler:45  [INFO]: | 12 | uint128Test             | UInt128  | __HUG__main |
2022-03-17 19:28:02,519 compiler:45  [INFO]: | 13 | uintArchTest            | UIntArch | __HUG__main |
2022-03-17 19:28:02,519 compiler:45  [INFO]: | 14 | float32Test             | Float32  | __HUG__main |
2022-03-17 19:28:02,519 compiler:45  [INFO]: | 15 | float64Test             | Float64  | __HUG__main |
2022-03-17 19:28:02,519 compiler:45  [INFO]: | 16 | charTest                | Char     | __HUG__main |
2022-03-17 19:28:02,519 compiler:45  [INFO]: | 17 | stringTest              | String   | __HUG__main |
2022-03-17 19:28:02,519 compiler:45  [INFO]: | 18 | result                  | Int32    | __HUG__main |
2022-03-17 19:28:02,520 compiler:45  [INFO]: | 19 | isFifteen               | Bool     | __HUG__main |
2022-03-17 19:28:02,520 compiler:45  [INFO]: | 20 | isNotFifteen            | Bool     | __HUG__main |
2022-03-17 19:28:02,520 compiler:45  [INFO]: | 21 | alwaysTrue              | Bool     | __HUG__main |
2022-03-17 19:28:02,520 compiler:45  [INFO]: | 22 | alwaysFalse             | Bool     | __HUG__main |
2022-03-17 19:28:02,520 compiler:45  [INFO]: | 23 | aboveOrEqualToOneresult | Bool     | __HUG__main |
2022-03-17 19:28:02,520 compiler:45  [INFO]: | 24 | underOrEqualToEight     | Bool     | __HUG__main |
2022-03-17 19:28:02,520 compiler:45  [INFO]: | 25 | aboveZero               | Bool     | __HUG__main |
2022-03-17 19:28:02,520 compiler:45  [INFO]: | 26 | underNine               | Bool     | __HUG__main |
2022-03-17 19:28:02,520 compiler:45  [INFO]: | 27 | myVar                   | Int32    | __HUG__main |
2022-03-17 19:28:02,520 compiler:45  [INFO]: | 28 | another                 | Float32  | __HUG__main |
2022-03-17 19:28:02,520 compiler:45  [INFO]: +----+-------------------------+----------+-------------+
2022-03-17 19:28:02,520 bootstrap:150 [INFO]: Done in 0.010747s
